<?xml version="1.0" encoding="UTF-8"?>
<!-- Generated by org.testng.reporters.JUnitXMLReporter -->
<testsuite hostname="AKSHAYKALLURWAR" name="Default test" tests="2" failures="0" timestamp="5 Apr 2020 17:00:33 GMT" time="46.068" errors="0">
  <testcase name="validateCreateNewDealTest" time="3.629" classname="com.classicCrm.qa.test.CreateNewDealsPageClassicCrmTest"/>
  <testcase name="validateCreateNewDealTest" time="3.9" classname="com.classicCrm.qa.test.CreateNewDealsPageClassicCrmTest"/>
</testsuite> <!-- Default test -->
