<?xml version="1.0" encoding="UTF-8"?>
<!-- Generated by org.testng.reporters.JUnitXMLReporter -->
<testsuite hostname="AKSHAYKALLURWAR" name="Default test" tests="4" failures="0" timestamp="4 Apr 2020 19:13:03 GMT" time="87.536" errors="0">
  <testcase name="createdDealNumberMatchTest" time="3.752" classname="com.classicCrm.qa.test.CreatedDealVerificationPageClassicCrmTest"/>
  <testcase name="createdDealNumberMatchTest" time="3.77" classname="com.classicCrm.qa.test.CreatedDealVerificationPageClassicCrmTest"/>
  <testcase name="validateHeaderLinksPresentTest" time="3.909" classname="com.classicCrm.qa.test.CreatedDealVerificationPageClassicCrmTest"/>
  <testcase name="validateHeaderLinksPresentTest" time="3.787" classname="com.classicCrm.qa.test.CreatedDealVerificationPageClassicCrmTest"/>
</testsuite> <!-- Default test -->
