<?xml version="1.0" encoding="UTF-8"?>
<testng-results skipped="0" failed="0" total="1" passed="1">
  <reporter-output>
  </reporter-output>
  <suite name="Default suite" duration-ms="26802" started-at="2020-03-29T20:47:43Z" finished-at="2020-03-29T20:48:10Z">
    <groups>
    </groups>
    <test name="Default test" duration-ms="26802" started-at="2020-03-29T20:47:43Z" finished-at="2020-03-29T20:48:10Z">
      <class name="com.classicCrm.qa.test.CreateNewContactPageClassicCrmTest">
        <test-method status="PASS" signature="setUp()[pri:0, instance:com.classicCrm.qa.test.CreateNewContactPageClassicCrmTest@1a968a59]" name="setUp" is-config="true" duration-ms="19466" started-at="2020-03-30T02:17:43Z" finished-at="2020-03-30T02:18:02Z">
          <reporter-output>
          </reporter-output>
        </test-method> <!-- setUp -->
        <test-method status="PASS" signature="createNewContactTest()[pri:0, instance:com.classicCrm.qa.test.CreateNewContactPageClassicCrmTest@1a968a59]" name="createNewContactTest" duration-ms="6595" started-at="2020-03-30T02:18:02Z" finished-at="2020-03-30T02:18:09Z">
          <reporter-output>
          </reporter-output>
        </test-method> <!-- createNewContactTest -->
        <test-method status="PASS" signature="tearDown()[pri:0, instance:com.classicCrm.qa.test.CreateNewContactPageClassicCrmTest@1a968a59]" name="tearDown" is-config="true" duration-ms="725" started-at="2020-03-30T02:18:09Z" finished-at="2020-03-30T02:18:10Z">
          <reporter-output>
          </reporter-output>
        </test-method> <!-- tearDown -->
      </class> <!-- com.classicCrm.qa.test.CreateNewContactPageClassicCrmTest -->
    </test> <!-- Default test -->
  </suite> <!-- Default suite -->
</testng-results>
