<?xml version="1.0" encoding="UTF-8"?>
<!-- Generated by org.testng.reporters.JUnitXMLReporter -->
<testsuite hostname="AKSHAYKALLURWAR" name="ClassicCRM application test cases" tests="11" failures="0" timestamp="27 Mar 2020 11:01:22 GMT" time="191.582" errors="0">
  <testcase name="validateLoginPageLinksTest" time="0.909" classname="com.classicCrm.qa.test.LoginPageClassicCrmTest"/>
  <testcase name="validateLoginPageTitleTest" time="0.046" classname="com.classicCrm.qa.test.LoginPageClassicCrmTest"/>
  <testcase name="validateLoginFunctionalityTest" time="8.15" classname="com.classicCrm.qa.test.LoginPageClassicCrmTest"/>
  <testcase name="validateHomePageTitleTest" time="0.043" classname="com.classicCrm.qa.test.HomePageClassicCrmTest"/>
  <testcase name="validateLoggedInUserLabelTest" time="0.193" classname="com.classicCrm.qa.test.HomePageClassicCrmTest"/>
  <testcase name="validateclickOnContactsLinkTest" time="0.067" classname="com.classicCrm.qa.test.HomePageClassicCrmTest"/>
  <testcase name="validateclickOnDealsLinkTest" time="0.085" classname="com.classicCrm.qa.test.HomePageClassicCrmTest"/>
  <testcase name="validateclickOnTasksLink" time="0.091" classname="com.classicCrm.qa.test.HomePageClassicCrmTest"/>
  <testcase name="validateContactsTableHeadingTest" time="0.122" classname="com.classicCrm.qa.test.ContactsPageClassicCrmTest"/>
  <testcase name="selectContactByNameTest" time="0.22" classname="com.classicCrm.qa.test.ContactsPageClassicCrmTest"/>
  <testcase name="selectMultipleContactsByNameTest" time="0.323" classname="com.classicCrm.qa.test.ContactsPageClassicCrmTest"/>
</testsuite> <!-- ClassicCRM application test cases -->
