<?xml version="1.0" encoding="UTF-8"?>
<!-- Generated by org.testng.reporters.JUnitXMLReporter -->
<testsuite hostname="AKSHAYKALLURWAR" name="ClassicCRM application test cases" tests="18" failures="0" timestamp="5 Apr 2020 19:26:05 GMT" time="432.581" errors="0">
  <testcase name="validateLoginPageLinksTest" time="0.917" classname="com.classicCrm.qa.test.LoginPageClassicCrmTest"/>
  <testcase name="validateLoginPageTitleTest" time="0.035" classname="com.classicCrm.qa.test.LoginPageClassicCrmTest"/>
  <testcase name="validateLoginFunctionalityTest" time="9.854" classname="com.classicCrm.qa.test.LoginPageClassicCrmTest"/>
  <testcase name="validateHomePageTitleTest" time="0.041" classname="com.classicCrm.qa.test.HomePageClassicCrmTest"/>
  <testcase name="validateLoggedInUserLabelTest" time="0.178" classname="com.classicCrm.qa.test.HomePageClassicCrmTest"/>
  <testcase name="validateclickOnContactsLinkTest" time="0.043" classname="com.classicCrm.qa.test.HomePageClassicCrmTest"/>
  <testcase name="validateclickOnDealsLinkTest" time="0.081" classname="com.classicCrm.qa.test.HomePageClassicCrmTest"/>
  <testcase name="validateclickOnTasksLink" time="0.051" classname="com.classicCrm.qa.test.HomePageClassicCrmTest"/>
  <testcase name="validateContactsTableHeadingTest" time="0.086" classname="com.classicCrm.qa.test.ContactsPageClassicCrmTest"/>
  <testcase name="selectContactByNameTest" time="0.286" classname="com.classicCrm.qa.test.ContactsPageClassicCrmTest"/>
  <testcase name="selectMultipleContactsByNameTest" time="20.735" classname="com.classicCrm.qa.test.ContactsPageClassicCrmTest"/>
  <testcase name="createNewContactTest" time="7.921" classname="com.classicCrm.qa.test.CreateNewContactPageClassicCrmTest"/>
  <testcase name="validateCreateNewDealTest" time="3.819" classname="com.classicCrm.qa.test.CreateNewDealsPageClassicCrmTest"/>
  <testcase name="validateCreateNewDealTest" time="3.97" classname="com.classicCrm.qa.test.CreateNewDealsPageClassicCrmTest"/>
  <testcase name="createdDealNumberMatchTest" time="4.651" classname="com.classicCrm.qa.test.CreatedDealVerificationPageClassicCrmTest"/>
  <testcase name="createdDealNumberMatchTest" time="4.221" classname="com.classicCrm.qa.test.CreatedDealVerificationPageClassicCrmTest"/>
  <testcase name="validateHeaderLinksPresentTest" time="5.842" classname="com.classicCrm.qa.test.CreatedDealVerificationPageClassicCrmTest"/>
  <testcase name="validateHeaderLinksPresentTest" time="5.516" classname="com.classicCrm.qa.test.CreatedDealVerificationPageClassicCrmTest"/>
</testsuite> <!-- ClassicCRM application test cases -->
